# JRE version: Java(TM) SE Runtime Environment (16.0.1+9) (build 16.0.1+9-24)
# Java VM: Java HotSpot(TM) 64-Bit Server VM (16.0.1+9-24, mixed mode, sharing, tiered, compressed oops, compressed class ptrs, g1 gc, windows-amd64)
GC Precious Log:
 CPUs: 8 total, 8 available
 Memory: 8089M
 Large Page Support: Disabled
 NUMA Support: Disabled
 Compressed Oops: Enabled (32-bit)
 Heap Region Size: 1M
 Heap Min Capacity: 8M
 Heap Initial Capacity: 128M
 Heap Max Capacity: 2024M
 Pre-touch: Disabled
 Parallel Workers: 8
 Concurrent Workers: 2
 Concurrent Refinement Workers: 8
 Periodic GC: Disabled
Heap:
 garbage-first heap   total 119808K, used 73937K [0x0000000081800000, 0x0000000100000000)
  region size 1024K, 40 young (40960K), 1 survivors (1024K)
 Metaspace       used 63666K, committed 64512K, reserved 1105920K
  class space    used 8638K, committed 9024K, reserved 1048576K
GC Heap History (20 events):
Event: 2356.352 GC heap before
{Heap before GC invocations=47 (full 9):
 garbage-first heap   total 102400K, used 50935K [0x0000000081800000, 0x0000000100000000)
  region size 1024K, 22 young (22528K), 5 survivors (5120K)
 Metaspace       used 63130K, committed 64000K, reserved 1105920K
  class space    used 8591K, committed 9024K, reserved 1048576K
}
Event: 2356.400 GC heap after
{Heap after GC invocations=48 (full 10):
 garbage-first heap   total 99328K, used 27010K [0x0000000081800000, 0x0000000100000000)
  region size 1024K, 0 young (0K), 0 survivors (0K)
 Metaspace       used 62943K, committed 64000K, reserved 1105920K
  class space    used 8551K, committed 9024K, reserved 1048576K
}
Event: 2356.647 GC heap before
{Heap before GC invocations=48 (full 10):
 garbage-first heap   total 99328K, used 76162K [0x0000000081800000, 0x0000000100000000)
  region size 1024K, 49 young (50176K), 0 survivors (0K)
 Metaspace       used 63037K, committed 64000K, reserved 1105920K
  class space    used 8566K, committed 9024K, reserved 1048576K
}
Event: 2356.650 GC heap after
{Heap after GC invocations=49 (full 10):
 garbage-first heap   total 99328K, used 29693K [0x0000000081800000, 0x0000000100000000)
  region size 1024K, 3 young (3072K), 3 survivors (3072K)
 Metaspace       used 63037K, committed 64000K, reserved 1105920K
  class space    used 8566K, committed 9024K, reserved 1048576K
}
Event: 2356.850 GC heap before
{Heap before GC invocations=49 (full 10):
 garbage-first heap   total 99328K, used 76797K [0x0000000081800000, 0x0000000100000000)
  region size 1024K, 50 young (51200K), 3 survivors (3072K)
 Metaspace       used 63261K, committed 64128K, reserved 1105920K
  class space    used 8583K, committed 9024K, reserved 1048576K
}
Event: 2356.854 GC heap after
{Heap after GC invocations=50 (full 10):
 garbage-first heap   total 119808K, used 31453K [0x0000000081800000, 0x0000000100000000)
  region size 1024K, 5 young (5120K), 5 survivors (5120K)
 Metaspace       used 63261K, committed 64128K, reserved 1105920K
  class space    used 8583K, committed 9024K, reserved 1048576K
}
Event: 2760.668 GC heap before
{Heap before GC invocations=50 (full 10):
 garbage-first heap   total 119808K, used 91869K [0x0000000081800000, 0x0000000100000000)
  region size 1024K, 64 young (65536K), 5 survivors (5120K)
 Metaspace       used 63576K, committed 64448K, reserved 1105920K
  class space    used 8622K, committed 9024K, reserved 1048576K
}
Event: 2760.675 GC heap after
{Heap after GC invocations=51 (full 10):
 garbage-first heap   total 119808K, used 34216K [0x0000000081800000, 0x0000000100000000)
  region size 1024K, 6 young (6144K), 6 survivors (6144K)
 Metaspace       used 63576K, committed 64448K, reserved 1105920K
  class space    used 8622K, committed 9024K, reserved 1048576K
}
Event: 3358.498 GC heap before
{Heap before GC invocations=51 (full 10):
 garbage-first heap   total 119808K, used 91560K [0x0000000081800000, 0x0000000100000000)
  region size 1024K, 63 young (64512K), 6 survivors (6144K)
 Metaspace       used 63634K, committed 64512K, reserved 1105920K
  class space    used 8632K, committed 9024K, reserved 1048576K
}
Event: 3358.501 GC heap after
{Heap after GC invocations=52 (full 10):
 garbage-first heap   total 119808K, used 34873K [0x0000000081800000, 0x0000000100000000)
  region size 1024K, 5 young (5120K), 5 survivors (5120K)
 Metaspace       used 63634K, committed 64512K, reserved 1105920K
  class space    used 8632K, committed 9024K, reserved 1048576K
}
Event: 6199.601 GC heap before
{Heap before GC invocations=52 (full 10):
 garbage-first heap   total 119808K, used 94265K [0x0000000081800000, 0x0000000100000000)
  region size 1024K, 63 young (64512K), 5 survivors (5120K)
 Metaspace       used 63666K, committed 64512K, reserved 1105920K
  class space    used 8638K, committed 9024K, reserved 1048576K
}
Event: 6199.613 GC heap after
{Heap after GC invocations=53 (full 10):
 garbage-first heap   total 119808K, used 35293K [0x0000000081800000, 0x0000000100000000)
  region size 1024K, 5 young (5120K), 5 survivors (5120K)
 Metaspace       used 63666K, committed 64512K, reserved 1105920K
  class space    used 8638K, committed 9024K, reserved 1048576K
}
Event: 7497.319 GC heap before
{Heap before GC invocations=53 (full 10):
 garbage-first heap   total 119808K, used 95709K [0x0000000081800000, 0x0000000100000000)
  region size 1024K, 64 young (65536K), 5 survivors (5120K)
 Metaspace       used 63666K, committed 64512K, reserved 1105920K
  class space    used 8638K, committed 9024K, reserved 1048576K
}
Event: 7497.350 GC heap after
{Heap after GC invocations=54 (full 10):
 garbage-first heap   total 119808K, used 35574K [0x0000000081800000, 0x0000000100000000)
  region size 1024K, 2 young (2048K), 2 survivors (2048K)
 Metaspace       used 63666K, committed 64512K, reserved 1105920K
  class space    used 8638K, committed 9024K, reserved 1048576K
}
Event: 8826.682 GC heap before
{Heap before GC invocations=54 (full 10):
 garbage-first heap   total 119808K, used 97014K [0x0000000081800000, 0x0000000100000000)
  region size 1024K, 62 young (63488K), 2 survivors (2048K)
 Metaspace       used 63666K, committed 64512K, reserved 1105920K
  class space    used 8638K, committed 9024K, reserved 1048576K
}
Event: 8826.686 GC heap after
{Heap after GC invocations=55 (full 10):
 garbage-first heap   total 119808K, used 35077K [0x0000000081800000, 0x0000000100000000)
  region size 1024K, 1 young (1024K), 1 survivors (1024K)
 Metaspace       used 63666K, committed 64512K, reserved 1105920K
  class space    used 8638K, committed 9024K, reserved 1048576K
}
Event: 35501.068 GC heap before
{Heap before GC invocations=55 (full 10):
 garbage-first heap   total 119808K, used 97541K [0x0000000081800000, 0x0000000100000000)
  region size 1024K, 62 young (63488K), 1 survivors (1024K)
 Metaspace       used 63666K, committed 64512K, reserved 1105920K
  class space    used 8638K, committed 9024K, reserved 1048576K
}
Event: 35501.415 GC heap after
{Heap after GC invocations=56 (full 10):
 garbage-first heap   total 119808K, used 34814K [0x0000000081800000, 0x0000000100000000)
  region size 1024K, 1 young (1024K), 1 survivors (1024K)
 Metaspace       used 63666K, committed 64512K, reserved 1105920K
  class space    used 8638K, committed 9024K, reserved 1048576K
}
Event: 36883.332 GC heap before
{Heap before GC invocations=56 (full 10):
 garbage-first heap   total 119808K, used 99326K [0x0000000081800000, 0x0000000100000000)
  region size 1024K, 64 young (65536K), 1 survivors (1024K)
 Metaspace       used 63666K, committed 64512K, reserved 1105920K
  class space    used 8638K, committed 9024K, reserved 1048576K
}
Event: 36883.340 GC heap after
{Heap after GC invocations=57 (full 10):
 garbage-first heap   total 119808K, used 35025K [0x0000000081800000, 0x0000000100000000)
  region size 1024K, 1 young (1024K), 1 survivors (1024K)
 Metaspace       used 63666K, committed 64512K, reserved 1105920K
  class space    used 8638K, committed 9024K, reserved 1048576K
}

